11-29 16:06:06 com_github_MitjaNemec_PlaceFootprints.action_place_footprints 405:Plugin executed on: 'linux'
11-29 16:06:06 com_github_MitjaNemec_PlaceFootprints.action_place_footprints 406:Plugin executed with python version: '3.10.12 (main, Jun 11 2023, 05:26:28) [GCC 11.4.0]'
11-29 16:06:06 com_github_MitjaNemec_PlaceFootprints.action_place_footprints 407:KiCad build version: 6.0.2+dfsg-1
11-29 16:06:06 com_github_MitjaNemec_PlaceFootprints.action_place_footprints 408:Plugin version: 1.2.12
11-29 16:06:06 com_github_MitjaNemec_PlaceFootprints.action_place_footprints 409:Frame repr: <wx._core.Frame object at 0x7fc97c8de3b0>
11-29 16:06:06 com_github_MitjaNemec_PlaceFootprints.place_footprints 121:getting a list of all footprints on board
11-29 16:06:06 com_github_MitjaNemec_PlaceFootprints.place_footprints 156:Footprint D98 on root level
11-29 16:06:06 com_github_MitjaNemec_PlaceFootprints.place_footprints 156:Footprint D104 on root level
11-29 16:06:06 com_github_MitjaNemec_PlaceFootprints.place_footprints 156:Footprint D22 on root level
11-29 16:06:06 com_github_MitjaNemec_PlaceFootprints.place_footprints 156:Footprint D86 on root level
11-29 16:06:06 com_github_MitjaNemec_PlaceFootprints.place_footprints 156:Footprint D101 on root level
11-29 16:06:06 com_github_MitjaNemec_PlaceFootprints.place_footprints 156:Footprint U1 on root level
11-29 16:06:06 com_github_MitjaNemec_PlaceFootprints.place_footprints 156:Footprint D96 on root level
11-29 16:06:06 com_github_MitjaNemec_PlaceFootprints.place_footprints 156:Footprint D130 on root level
11-29 16:06:06 com_github_MitjaNemec_PlaceFootprints.place_footprints 156:Footprint R1 on root level
11-29 16:06:06 com_github_MitjaNemec_PlaceFootprints.place_footprints 156:Footprint R2 on root level
11-29 16:06:06 com_github_MitjaNemec_PlaceFootprints.place_footprints 156:Footprint D136 on root level
11-29 16:06:06 com_github_MitjaNemec_PlaceFootprints.place_footprints 156:Footprint D61 on root level
11-29 16:06:06 com_github_MitjaNemec_PlaceFootprints.place_footprints 156:Footprint D27 on root level
11-29 16:06:06 com_github_MitjaNemec_PlaceFootprints.place_footprints 156:Footprint D7 on root level
11-29 16:06:06 com_github_MitjaNemec_PlaceFootprints.place_footprints 156:Footprint D59 on root level
11-29 16:06:06 com_github_MitjaNemec_PlaceFootprints.place_footprints 156:Footprint D31 on root level
11-29 16:06:06 com_github_MitjaNemec_PlaceFootprints.place_footprints 156:Footprint D116 on root level
11-29 16:06:06 com_github_MitjaNemec_PlaceFootprints.place_footprints 156:Footprint D52 on root level
11-29 16:06:06 com_github_MitjaNemec_PlaceFootprints.place_footprints 156:Footprint D93 on root level
11-29 16:06:06 com_github_MitjaNemec_PlaceFootprints.place_footprints 156:Footprint D11 on root level
11-29 16:06:06 com_github_MitjaNemec_PlaceFootprints.place_footprints 156:Footprint D15 on root level
11-29 16:06:06 com_github_MitjaNemec_PlaceFootprints.place_footprints 156:Footprint D12 on root level
11-29 16:06:06 com_github_MitjaNemec_PlaceFootprints.place_footprints 156:Footprint D38 on root level
11-29 16:06:06 com_github_MitjaNemec_PlaceFootprints.place_footprints 156:Footprint D17 on root level
11-29 16:06:06 com_github_MitjaNemec_PlaceFootprints.place_footprints 156:Footprint D102 on root level
11-29 16:06:06 com_github_MitjaNemec_PlaceFootprints.place_footprints 156:Footprint D34 on root level
11-29 16:06:06 com_github_MitjaNemec_PlaceFootprints.place_footprints 156:Footprint D137 on root level
11-29 16:06:06 com_github_MitjaNemec_PlaceFootprints.place_footprints 156:Footprint D135 on root level
11-29 16:06:06 com_github_MitjaNemec_PlaceFootprints.place_footprints 156:Footprint D19 on root level
11-29 16:06:06 com_github_MitjaNemec_PlaceFootprints.place_footprints 156:Footprint D16 on root level
11-29 16:06:06 com_github_MitjaNemec_PlaceFootprints.place_footprints 156:Footprint D95 on root level
11-29 16:06:06 com_github_MitjaNemec_PlaceFootprints.place_footprints 156:Footprint D9 on root level
11-29 16:06:06 com_github_MitjaNemec_PlaceFootprints.place_footprints 156:Footprint D128 on root level
11-29 16:06:06 com_github_MitjaNemec_PlaceFootprints.place_footprints 156:Footprint D89 on root level
11-29 16:06:06 com_github_MitjaNemec_PlaceFootprints.place_footprints 156:Footprint D140 on root level
11-29 16:06:06 com_github_MitjaNemec_PlaceFootprints.place_footprints 156:Footprint D127 on root level
11-29 16:06:06 com_github_MitjaNemec_PlaceFootprints.place_footprints 156:Footprint D78 on root level
11-29 16:06:06 com_github_MitjaNemec_PlaceFootprints.place_footprints 156:Footprint D138 on root level
11-29 16:06:06 com_github_MitjaNemec_PlaceFootprints.place_footprints 156:Footprint D24 on root level
11-29 16:06:06 com_github_MitjaNemec_PlaceFootprints.place_footprints 156:Footprint D110 on root level
11-29 16:06:06 com_github_MitjaNemec_PlaceFootprints.place_footprints 156:Footprint D114 on root level
11-29 16:06:06 com_github_MitjaNemec_PlaceFootprints.place_footprints 156:Footprint D68 on root level
11-29 16:06:06 com_github_MitjaNemec_PlaceFootprints.place_footprints 156:Footprint D97 on root level
11-29 16:06:06 com_github_MitjaNemec_PlaceFootprints.place_footprints 156:Footprint D139 on root level
11-29 16:06:06 com_github_MitjaNemec_PlaceFootprints.place_footprints 156:Footprint D124 on root level
11-29 16:06:06 com_github_MitjaNemec_PlaceFootprints.place_footprints 156:Footprint D32 on root level
11-29 16:06:06 com_github_MitjaNemec_PlaceFootprints.place_footprints 156:Footprint C2 on root level
11-29 16:06:06 com_github_MitjaNemec_PlaceFootprints.place_footprints 156:Footprint D120 on root level
11-29 16:06:06 com_github_MitjaNemec_PlaceFootprints.place_footprints 156:Footprint D42 on root level
11-29 16:06:06 com_github_MitjaNemec_PlaceFootprints.place_footprints 156:Footprint D112 on root level
11-29 16:06:06 com_github_MitjaNemec_PlaceFootprints.place_footprints 156:Footprint D4 on root level
11-29 16:06:06 com_github_MitjaNemec_PlaceFootprints.place_footprints 156:Footprint D131 on root level
11-29 16:06:06 com_github_MitjaNemec_PlaceFootprints.place_footprints 156:Footprint D125 on root level
11-29 16:06:06 com_github_MitjaNemec_PlaceFootprints.place_footprints 156:Footprint D92 on root level
11-29 16:06:06 com_github_MitjaNemec_PlaceFootprints.place_footprints 156:Footprint D23 on root level
11-29 16:06:06 com_github_MitjaNemec_PlaceFootprints.place_footprints 156:Footprint D57 on root level
11-29 16:06:06 com_github_MitjaNemec_PlaceFootprints.place_footprints 156:Footprint D121 on root level
11-29 16:06:06 com_github_MitjaNemec_PlaceFootprints.place_footprints 156:Footprint D82 on root level
11-29 16:06:06 com_github_MitjaNemec_PlaceFootprints.place_footprints 156:Footprint D81 on root level
11-29 16:06:06 com_github_MitjaNemec_PlaceFootprints.place_footprints 156:Footprint D66 on root level
11-29 16:06:06 com_github_MitjaNemec_PlaceFootprints.place_footprints 156:Footprint D70 on root level
11-29 16:06:06 com_github_MitjaNemec_PlaceFootprints.place_footprints 156:Footprint D143 on root level
11-29 16:06:06 com_github_MitjaNemec_PlaceFootprints.place_footprints 156:Footprint D123 on root level
11-29 16:06:06 com_github_MitjaNemec_PlaceFootprints.place_footprints 156:Footprint D36 on root level
11-29 16:06:06 com_github_MitjaNemec_PlaceFootprints.place_footprints 156:Footprint D26 on root level
11-29 16:06:06 com_github_MitjaNemec_PlaceFootprints.place_footprints 156:Footprint D106 on root level
11-29 16:06:06 com_github_MitjaNemec_PlaceFootprints.place_footprints 156:Footprint D100 on root level
11-29 16:06:06 com_github_MitjaNemec_PlaceFootprints.place_footprints 156:Footprint D8 on root level
11-29 16:06:06 com_github_MitjaNemec_PlaceFootprints.place_footprints 156:Footprint D30 on root level
11-29 16:06:06 com_github_MitjaNemec_PlaceFootprints.place_footprints 156:Footprint D5 on root level
11-29 16:06:06 com_github_MitjaNemec_PlaceFootprints.place_footprints 156:Footprint D2 on root level
11-29 16:06:06 com_github_MitjaNemec_PlaceFootprints.place_footprints 156:Footprint D84 on root level
11-29 16:06:06 com_github_MitjaNemec_PlaceFootprints.place_footprints 156:Footprint D62 on root level
11-29 16:06:06 com_github_MitjaNemec_PlaceFootprints.place_footprints 156:Footprint D118 on root level
11-29 16:06:06 com_github_MitjaNemec_PlaceFootprints.place_footprints 156:Footprint D47 on root level
11-29 16:06:06 com_github_MitjaNemec_PlaceFootprints.place_footprints 156:Footprint D46 on root level
11-29 16:06:06 com_github_MitjaNemec_PlaceFootprints.place_footprints 156:Footprint D25 on root level
11-29 16:06:06 com_github_MitjaNemec_PlaceFootprints.place_footprints 156:Footprint D144 on root level
11-29 16:06:06 com_github_MitjaNemec_PlaceFootprints.place_footprints 156:Footprint D108 on root level
11-29 16:06:06 com_github_MitjaNemec_PlaceFootprints.place_footprints 156:Footprint D115 on root level
11-29 16:06:06 com_github_MitjaNemec_PlaceFootprints.place_footprints 156:Footprint D129 on root level
11-29 16:06:06 com_github_MitjaNemec_PlaceFootprints.place_footprints 156:Footprint C3 on root level
11-29 16:06:06 com_github_MitjaNemec_PlaceFootprints.place_footprints 156:Footprint D44 on root level
11-29 16:06:06 com_github_MitjaNemec_PlaceFootprints.place_footprints 156:Footprint D53 on root level
11-29 16:06:06 com_github_MitjaNemec_PlaceFootprints.place_footprints 156:Footprint D103 on root level
11-29 16:06:06 com_github_MitjaNemec_PlaceFootprints.place_footprints 156:Footprint D133 on root level
11-29 16:06:06 com_github_MitjaNemec_PlaceFootprints.place_footprints 156:Footprint D83 on root level
11-29 16:06:06 com_github_MitjaNemec_PlaceFootprints.place_footprints 156:Footprint D117 on root level
11-29 16:06:06 com_github_MitjaNemec_PlaceFootprints.place_footprints 156:Footprint D56 on root level
11-29 16:06:06 com_github_MitjaNemec_PlaceFootprints.place_footprints 156:Footprint D14 on root level
11-29 16:06:06 com_github_MitjaNemec_PlaceFootprints.place_footprints 156:Footprint D50 on root level
11-29 16:06:06 com_github_MitjaNemec_PlaceFootprints.place_footprints 156:Footprint D141 on root level
11-29 16:06:06 com_github_MitjaNemec_PlaceFootprints.place_footprints 156:Footprint D45 on root level
11-29 16:06:06 com_github_MitjaNemec_PlaceFootprints.place_footprints 156:Footprint D10 on root level
11-29 16:06:06 com_github_MitjaNemec_PlaceFootprints.place_footprints 156:Footprint D43 on root level
11-29 16:06:06 com_github_MitjaNemec_PlaceFootprints.place_footprints 156:Footprint D107 on root level
11-29 16:06:06 com_github_MitjaNemec_PlaceFootprints.place_footprints 156:Footprint D28 on root level
11-29 16:06:06 com_github_MitjaNemec_PlaceFootprints.place_footprints 156:Footprint D48 on root level
11-29 16:06:06 com_github_MitjaNemec_PlaceFootprints.place_footprints 156:Footprint D119 on root level
11-29 16:06:06 com_github_MitjaNemec_PlaceFootprints.place_footprints 156:Footprint D75 on root level
11-29 16:06:06 com_github_MitjaNemec_PlaceFootprints.place_footprints 156:Footprint D67 on root level
11-29 16:06:06 com_github_MitjaNemec_PlaceFootprints.place_footprints 156:Footprint D29 on root level
11-29 16:06:06 com_github_MitjaNemec_PlaceFootprints.place_footprints 156:Footprint C1 on root level
11-29 16:06:06 com_github_MitjaNemec_PlaceFootprints.place_footprints 156:Footprint D69 on root level
11-29 16:06:06 com_github_MitjaNemec_PlaceFootprints.place_footprints 156:Footprint D109 on root level
11-29 16:06:06 com_github_MitjaNemec_PlaceFootprints.place_footprints 156:Footprint D111 on root level
11-29 16:06:06 com_github_MitjaNemec_PlaceFootprints.place_footprints 156:Footprint D65 on root level
11-29 16:06:06 com_github_MitjaNemec_PlaceFootprints.place_footprints 156:Footprint D94 on root level
11-29 16:06:06 com_github_MitjaNemec_PlaceFootprints.place_footprints 156:Footprint D49 on root level
11-29 16:06:06 com_github_MitjaNemec_PlaceFootprints.place_footprints 156:Footprint D37 on root level
11-29 16:06:06 com_github_MitjaNemec_PlaceFootprints.place_footprints 156:Footprint D74 on root level
11-29 16:06:06 com_github_MitjaNemec_PlaceFootprints.place_footprints 156:Footprint D63 on root level
11-29 16:06:06 com_github_MitjaNemec_PlaceFootprints.place_footprints 156:Footprint D13 on root level
11-29 16:06:06 com_github_MitjaNemec_PlaceFootprints.place_footprints 156:Footprint D134 on root level
11-29 16:06:06 com_github_MitjaNemec_PlaceFootprints.place_footprints 156:Footprint D21 on root level
11-29 16:06:06 com_github_MitjaNemec_PlaceFootprints.place_footprints 156:Footprint D20 on root level
11-29 16:06:06 com_github_MitjaNemec_PlaceFootprints.place_footprints 156:Footprint D87 on root level
11-29 16:06:06 com_github_MitjaNemec_PlaceFootprints.place_footprints 156:Footprint R3 on root level
11-29 16:06:06 com_github_MitjaNemec_PlaceFootprints.place_footprints 156:Footprint D99 on root level
11-29 16:06:06 com_github_MitjaNemec_PlaceFootprints.place_footprints 156:Footprint D6 on root level
11-29 16:06:06 com_github_MitjaNemec_PlaceFootprints.place_footprints 156:Footprint D105 on root level
11-29 16:06:06 com_github_MitjaNemec_PlaceFootprints.place_footprints 156:Footprint D60 on root level
11-29 16:06:06 com_github_MitjaNemec_PlaceFootprints.place_footprints 156:Footprint D51 on root level
11-29 16:06:06 com_github_MitjaNemec_PlaceFootprints.place_footprints 156:Footprint D142 on root level
11-29 16:06:06 com_github_MitjaNemec_PlaceFootprints.place_footprints 156:Footprint D71 on root level
11-29 16:06:06 com_github_MitjaNemec_PlaceFootprints.place_footprints 156:Footprint D126 on root level
11-29 16:06:06 com_github_MitjaNemec_PlaceFootprints.place_footprints 156:Footprint D54 on root level
11-29 16:06:06 com_github_MitjaNemec_PlaceFootprints.place_footprints 156:Footprint D76 on root level
11-29 16:06:06 com_github_MitjaNemec_PlaceFootprints.place_footprints 156:Footprint D64 on root level
11-29 16:06:06 com_github_MitjaNemec_PlaceFootprints.place_footprints 156:Footprint D55 on root level
11-29 16:06:06 com_github_MitjaNemec_PlaceFootprints.place_footprints 156:Footprint D3 on root level
11-29 16:06:06 com_github_MitjaNemec_PlaceFootprints.place_footprints 156:Footprint D91 on root level
11-29 16:06:06 com_github_MitjaNemec_PlaceFootprints.place_footprints 156:Footprint D113 on root level
11-29 16:06:06 com_github_MitjaNemec_PlaceFootprints.place_footprints 156:Footprint R4 on root level
11-29 16:06:06 com_github_MitjaNemec_PlaceFootprints.place_footprints 156:Footprint D79 on root level
11-29 16:06:06 com_github_MitjaNemec_PlaceFootprints.place_footprints 156:Footprint D73 on root level
11-29 16:06:06 com_github_MitjaNemec_PlaceFootprints.place_footprints 156:Footprint D58 on root level
11-29 16:06:06 com_github_MitjaNemec_PlaceFootprints.place_footprints 156:Footprint D41 on root level
11-29 16:06:06 com_github_MitjaNemec_PlaceFootprints.place_footprints 156:Footprint D35 on root level
11-29 16:06:06 com_github_MitjaNemec_PlaceFootprints.place_footprints 156:Footprint D85 on root level
11-29 16:06:06 com_github_MitjaNemec_PlaceFootprints.place_footprints 156:Footprint D39 on root level
11-29 16:06:06 com_github_MitjaNemec_PlaceFootprints.place_footprints 156:Footprint D40 on root level
11-29 16:06:06 com_github_MitjaNemec_PlaceFootprints.place_footprints 156:Footprint D77 on root level
11-29 16:06:06 com_github_MitjaNemec_PlaceFootprints.place_footprints 156:Footprint D88 on root level
11-29 16:06:06 com_github_MitjaNemec_PlaceFootprints.place_footprints 156:Footprint D1 on root level
11-29 16:06:06 com_github_MitjaNemec_PlaceFootprints.place_footprints 156:Footprint D33 on root level
11-29 16:06:06 com_github_MitjaNemec_PlaceFootprints.place_footprints 156:Footprint D122 on root level
11-29 16:06:06 com_github_MitjaNemec_PlaceFootprints.place_footprints 156:Footprint D132 on root level
11-29 16:06:06 com_github_MitjaNemec_PlaceFootprints.place_footprints 156:Footprint D72 on root level
11-29 16:06:06 com_github_MitjaNemec_PlaceFootprints.place_footprints 156:Footprint D90 on root level
11-29 16:06:06 com_github_MitjaNemec_PlaceFootprints.place_footprints 156:Footprint D80 on root level
11-29 16:06:06 com_github_MitjaNemec_PlaceFootprints.place_footprints 156:Footprint D18 on root level
11-29 16:06:06 com_github_MitjaNemec_PlaceFootprints.place_footprints 156:Footprint U2 on root level
11-29 16:06:09 com_github_MitjaNemec_PlaceFootprints.action_place_footprints 586:Reference designator is: D
11-29 16:06:09 com_github_MitjaNemec_PlaceFootprints.action_place_footprints 587:Reference number is: 136
11-29 16:06:09 com_github_MitjaNemec_PlaceFootprints.action_place_footprints 619:Sorted and filtered list:
['D1', 'D2', 'D3', 'D4', 'D5', 'D6', 'D7', 'D8', 'D9', 'D10', 'D11', 'D12', 'D13', 'D14', 'D15', 'D16', 'D17', 'D18', 'D19', 'D20', 'D21', 'D22', 'D23', 'D24', 'D25', 'D26', 'D27', 'D28', 'D29', 'D30', 'D31', 'D32', 'D33', 'D34', 'D35', 'D36', 'D37', 'D38', 'D39', 'D40', 'D41', 'D42', 'D43', 'D44', 'D45', 'D46', 'D47', 'D48', 'D49', 'D50', 'D51', 'D52', 'D53', 'D54', 'D55', 'D56', 'D57', 'D58', 'D59', 'D60', 'D61', 'D62', 'D63', 'D64', 'D65', 'D66', 'D67', 'D68', 'D69', 'D70', 'D71', 'D72', 'D73', 'D74', 'D75', 'D76', 'D77', 'D78', 'D79', 'D80', 'D81', 'D82', 'D83', 'D84', 'D85', 'D86', 'D87', 'D88', 'D89', 'D90', 'D91', 'D92', 'D93', 'D94', 'D95', 'D96', 'D97', 'D98', 'D99', 'D100', 'D101', 'D102', 'D103', 'D104', 'D105', 'D106', 'D107', 'D108', 'D109', 'D110', 'D111', 'D112', 'D113', 'D114', 'D115', 'D116', 'D117', 'D118', 'D119', 'D120', 'D121', 'D122', 'D123', 'D124', 'D125', 'D126', 'D127', 'D128', 'D129', 'D130', 'D131', 'D132', 'D133', 'D134', 'D135', 'D136', 'D137', 'D138', 'D139', 'D140', 'D141', 'D142', 'D143', 'D144']
11-29 16:06:26 com_github_MitjaNemec_PlaceFootprints.action_place_footprints 657:Footprints to place:
['D1', 'D2', 'D3', 'D4', 'D5', 'D6', 'D7', 'D8', 'D9', 'D10', 'D11', 'D12', 'D13', 'D14', 'D15', 'D16', 'D17', 'D18', 'D19', 'D20', 'D21', 'D22', 'D23', 'D24', 'D25', 'D26', 'D27', 'D28', 'D29', 'D30', 'D31', 'D32', 'D33', 'D34', 'D35', 'D36', 'D37', 'D38', 'D39', 'D40', 'D41', 'D42', 'D43', 'D44', 'D45', 'D46', 'D47', 'D48', 'D49', 'D50', 'D51', 'D52', 'D53', 'D54', 'D55', 'D56', 'D57', 'D58', 'D59', 'D60', 'D61', 'D62', 'D63', 'D64', 'D65', 'D66', 'D67', 'D68', 'D69', 'D70', 'D71', 'D72', 'D73', 'D74', 'D75', 'D76', 'D77', 'D78', 'D79', 'D80', 'D81', 'D82', 'D83', 'D84', 'D85', 'D86', 'D87', 'D88', 'D89', 'D90', 'D91', 'D92', 'D93', 'D94', 'D95', 'D96', 'D97', 'D98', 'D99', 'D100', 'D101', 'D102', 'D103', 'D104', 'D105', 'D106', 'D107', 'D108', 'D109', 'D110', 'D111', 'D112', 'D113', 'D114', 'D115', 'D116', 'D117', 'D118', 'D119', 'D120', 'D121', 'D122', 'D123', 'D124', 'D125', 'D126', 'D127', 'D128', 'D129', 'D130', 'D131', 'D132', 'D133', 'D134', 'D135', 'D136', 'D137', 'D138', 'D139', 'D140', 'D141', 'D142', 'D143', 'D144']
11-29 16:06:26 com_github_MitjaNemec_PlaceFootprints.place_footprints 389:Starting placing with matrix layout
11-29 16:06:26 com_github_MitjaNemec_PlaceFootprints.action_place_footprints 727:Placing complete
